<?xml version="1.0" encoding="UTF-8"?>
<!-- Generated by org.testng.reporters.JUnitXMLReporter -->
<testsuite ignored="0" hostname="DESKTOP-EVB7C84" failures="0" tests="4" name="Default test" time="63.089" errors="0" timestamp="2023-09-08T21:02:31 IST">
  <testcase classname="TestNGClass.HalFStore" name="RegPageTest" time="0.339"/>
  <testcase classname="TestNGClass.HalFStore" name="RegPageTest" time="0.196"/>
  <testcase classname="TestNGClass.HalFStore" name="RegPageTest" time="0.189"/>
  <testcase classname="TestNGClass.HalFStore" name="RegPageTest" time="0.184"/>
</testsuite> <!-- Default test -->
